<?xml version="1.0" encoding="UTF-8"?>
<!-- Generated by org.testng.reporters.JUnitReportReporter -->
<testsuite hostname="Divya" failures="0" tests="1" name="BrowserStack.Demo.demoTest" time="0.005" errors="0" timestamp="2024-12-25T11:59:14 IST" skipped="0">
  <testcase classname="BrowserStack.Demo.demoTest" name="runtest" time="0.005"/>
</testsuite> <!-- BrowserStack.Demo.demoTest -->
