<?xml version="1.0" encoding="UTF-8"?>
<!-- Generated by org.testng.reporters.JUnitReportReporter -->
<testsuite hostname="Divya" failures="0" tests="3" name="BrowserStack.Demo.demoTest" time="99.584" errors="0" timestamp="2024-12-25T23:10:34 IST" skipped="0">
  <testcase classname="BrowserStack.Demo.demoTest" name="navigatetoOpinionSection" time="10.170"/>
  <testcase classname="BrowserStack.Demo.demoTest" name="scrapeArticle" time="79.649"/>
  <testcase classname="BrowserStack.Demo.demoTest" name="navigatetoBaseUrl" time="9.765"/>
</testsuite> <!-- BrowserStack.Demo.demoTest -->
